  Tijolo.cpp
  Entidade.cpp
  EntidadeFisica.cpp
  DefesaInvasao.cpp
  Fase.cpp
  GerenciadorEntrada.cpp
  GerenciadorFisico.cpp
  GerenciadorGrafico.cpp
  ListaEntidade.cpp
  VetorEntidadeFisica.cpp
  Jogador.cpp
D:\jogo-sfml\Personagens\Jogador.cpp(36,37): warning C4244: 'argument': conversion from 'int' to 'T', possible loss of data
D:\jogo-sfml\Personagens\Jogador.cpp(36,37): warning C4244:         with
D:\jogo-sfml\Personagens\Jogador.cpp(36,37): warning C4244:         [
D:\jogo-sfml\Personagens\Jogador.cpp(36,37): warning C4244:             T=float
D:\jogo-sfml\Personagens\Jogador.cpp(36,37): warning C4244:         ]
  Personagem.cpp
D:\jogo-sfml\Personagens\Jogador.cpp(35,39): warning C4244: 'argument': conversion from 'int' to 'T', possible loss of data
D:\jogo-sfml\Personagens\Jogador.cpp(35,39): warning C4244:         with
D:\jogo-sfml\Personagens\Jogador.cpp(35,39): warning C4244:         [
D:\jogo-sfml\Personagens\Jogador.cpp(35,39): warning C4244:             T=float
D:\jogo-sfml\Personagens\Jogador.cpp(35,39): warning C4244:         ]
  Jogo.cpp
  Menu.cpp
  Guerreiro.cpp
D:\jogo-sfml\Personagens\Personagem.cpp(19,36): warning C4244: 'argument': conversion from 'int' to 'T', possible loss of data
D:\jogo-sfml\Personagens\Personagem.cpp(19,36): warning C4244:         with
D:\jogo-sfml\Personagens\Personagem.cpp(19,36): warning C4244:         [
D:\jogo-sfml\Personagens\Personagem.cpp(19,36): warning C4244:             T=float
D:\jogo-sfml\Personagens\Personagem.cpp(19,36): warning C4244:         ]
D:\jogo-sfml\Personagens\Guerreiro.cpp(42,14): warning C4244: 'initializing': conversion from 'float' to 'int', possible loss of data
  main.cpp
  Generating code
  Previous IPDB not found, fall back to full compilation.
  All 214 functions were compiled because no usable IPDB/IOBJ from previous compilation was found.
  Finished generating code
  VS2019.vcxproj -> D:\jogo-sfml\VS2019\Release\VS2019.exe
